{"/home/lalisha/Desktop/Educabot/code-challenge-node/src/index.ts": {"path":"/home/lalisha/Desktop/Educabot/code-challenge-node/src/index.ts","all":true,"statementMap":{"0":{"start":{"line":1,"column":0},"end":{"line":1,"column":66}},"1":{"start":{"line":2,"column":0},"end":{"line":2,"column":48}},"2":{"start":{"line":3,"column":0},"end":{"line":3,"column":50}},"3":{"start":{"line":4,"column":0},"end":{"line":4,"column":23}},"5":{"start":{"line":6,"column":0},"end":{"line":6,"column":21}},"6":{"start":{"line":7,"column":0},"end":{"line":7,"column":37}},"8":{"start":{"line":9,"column":0},"end":{"line":9,"column":23}},"9":{"start":{"line":10,"column":0},"end":{"line":10,"column":15}},"11":{"start":{"line":12,"column":0},"end":{"line":12,"column":37}},"12":{"start":{"line":13,"column":0},"end":{"line":13,"column":52}},"13":{"start":{"line":14,"column":0},"end":{"line":14,"column":39}},"15":{"start":{"line":16,"column":0},"end":{"line":16,"column":74}},"16":{"start":{"line":17,"column":0},"end":{"line":17,"column":49}},"17":{"start":{"line":18,"column":0},"end":{"line":18,"column":26}},"18":{"start":{"line":19,"column":0},"end":{"line":19,"column":22}},"19":{"start":{"line":20,"column":0},"end":{"line":20,"column":4}},"21":{"start":{"line":22,"column":0},"end":{"line":22,"column":24}},"22":{"start":{"line":23,"column":0},"end":{"line":23,"column":35}},"23":{"start":{"line":24,"column":0},"end":{"line":24,"column":4}},"24":{"start":{"line":25,"column":0},"end":{"line":25,"column":2}},"26":{"start":{"line":27,"column":0},"end":{"line":27,"column":24}},"27":{"start":{"line":28,"column":0},"end":{"line":28,"column":47}},"28":{"start":{"line":29,"column":0},"end":{"line":29,"column":2}}},"s":{"0":0,"1":0,"2":0,"3":0,"5":0,"6":0,"8":0,"9":0,"11":0,"12":0,"13":0,"15":0,"16":0,"17":0,"18":0,"19":0,"21":0,"22":0,"23":0,"24":0,"26":0,"27":0,"28":0},"branchMap":{"0":{"type":"branch","line":1,"loc":{"start":{"line":1,"column":772},"end":{"line":31,"column":14}},"locations":[{"start":{"line":1,"column":772},"end":{"line":31,"column":14}}]}},"b":{"0":[0]},"fnMap":{"0":{"name":"(empty-report)","decl":{"start":{"line":1,"column":772},"end":{"line":31,"column":14}},"loc":{"start":{"line":1,"column":772},"end":{"line":31,"column":14}},"line":1}},"f":{"0":0}}
,"/home/lalisha/Desktop/Educabot/code-challenge-node/src/handlers/metrics.ts": {"path":"/home/lalisha/Desktop/Educabot/code-challenge-node/src/handlers/metrics.ts","all":false,"statementMap":{"2":{"start":{"line":3,"column":0},"end":{"line":3,"column":48}},"9":{"start":{"line":10,"column":0},"end":{"line":10,"column":58}},"10":{"start":{"line":11,"column":0},"end":{"line":11,"column":103}},"11":{"start":{"line":12,"column":0},"end":{"line":12,"column":9}},"12":{"start":{"line":13,"column":0},"end":{"line":13,"column":59}},"13":{"start":{"line":14,"column":0},"end":{"line":14,"column":61}},"14":{"start":{"line":15,"column":0},"end":{"line":15,"column":42}},"15":{"start":{"line":16,"column":0},"end":{"line":16,"column":19}},"16":{"start":{"line":17,"column":0},"end":{"line":17,"column":70}},"17":{"start":{"line":18,"column":0},"end":{"line":18,"column":22}},"18":{"start":{"line":19,"column":0},"end":{"line":19,"column":5}},"19":{"start":{"line":20,"column":0},"end":{"line":20,"column":3}},"21":{"start":{"line":22,"column":0},"end":{"line":22,"column":10}},"22":{"start":{"line":23,"column":0},"end":{"line":23,"column":8}},"23":{"start":{"line":24,"column":0},"end":{"line":24,"column":3}},"24":{"start":{"line":25,"column":0},"end":{"line":25,"column":1}},"26":{"start":{"line":27,"column":0},"end":{"line":27,"column":29}}},"s":{"2":1,"9":1,"10":1,"11":2,"12":2,"13":2,"14":2,"15":2,"16":0,"17":0,"18":0,"19":2,"21":1,"22":1,"23":1,"24":1,"26":1},"branchMap":{"0":{"type":"branch","line":10,"loc":{"start":{"line":10,"column":23},"end":{"line":25,"column":1}},"locations":[{"start":{"line":10,"column":23},"end":{"line":25,"column":1}}]},"1":{"type":"branch","line":11,"loc":{"start":{"line":11,"column":14},"end":{"line":20,"column":3}},"locations":[{"start":{"line":11,"column":14},"end":{"line":20,"column":3}}]},"2":{"type":"branch","line":16,"loc":{"start":{"line":16,"column":4},"end":{"line":19,"column":5}},"locations":[{"start":{"line":16,"column":4},"end":{"line":19,"column":5}}]}},"b":{"0":[1],"1":[2],"2":[0]},"fnMap":{"0":{"name":"metricsHandler","decl":{"start":{"line":10,"column":23},"end":{"line":25,"column":1}},"loc":{"start":{"line":10,"column":23},"end":{"line":25,"column":1}},"line":10},"1":{"name":"get","decl":{"start":{"line":11,"column":14},"end":{"line":20,"column":3}},"loc":{"start":{"line":11,"column":14},"end":{"line":20,"column":3}},"line":11}},"f":{"0":1,"1":2}}
,"/home/lalisha/Desktop/Educabot/code-challenge-node/src/models/book.ts": {"path":"/home/lalisha/Desktop/Educabot/code-challenge-node/src/models/book.ts","all":true,"statementMap":{},"s":{},"branchMap":{"0":{"type":"branch","line":1,"loc":{"start":{"line":1,"column":106},"end":{"line":7,"column":1}},"locations":[{"start":{"line":1,"column":106},"end":{"line":7,"column":1}}]}},"b":{"0":[1]},"fnMap":{"0":{"name":"(empty-report)","decl":{"start":{"line":1,"column":106},"end":{"line":7,"column":1}},"loc":{"start":{"line":1,"column":106},"end":{"line":7,"column":1}},"line":1}},"f":{"0":1}}
,"/home/lalisha/Desktop/Educabot/code-challenge-node/src/providers/books.ts": {"path":"/home/lalisha/Desktop/Educabot/code-challenge-node/src/providers/books.ts","all":true,"statementMap":{"1":{"start":{"line":2,"column":0},"end":{"line":2,"column":68}},"7":{"start":{"line":8,"column":0},"end":{"line":8,"column":44}},"8":{"start":{"line":9,"column":0},"end":{"line":9,"column":10}},"9":{"start":{"line":10,"column":0},"end":{"line":10,"column":13}},"10":{"start":{"line":11,"column":0},"end":{"line":11,"column":3}},"11":{"start":{"line":12,"column":0},"end":{"line":12,"column":1}},"13":{"start":{"line":14,"column":0},"end":{"line":14,"column":44}},"14":{"start":{"line":15,"column":0},"end":{"line":15,"column":45}},"15":{"start":{"line":16,"column":0},"end":{"line":16,"column":16}},"16":{"start":{"line":17,"column":0},"end":{"line":17,"column":71}},"17":{"start":{"line":18,"column":0},"end":{"line":18,"column":3}},"19":{"start":{"line":20,"column":0},"end":{"line":20,"column":31}},"20":{"start":{"line":21,"column":0},"end":{"line":21,"column":27}},"21":{"start":{"line":22,"column":0},"end":{"line":22,"column":21}},"22":{"start":{"line":23,"column":0},"end":{"line":23,"column":25}},"23":{"start":{"line":24,"column":0},"end":{"line":24,"column":29}},"24":{"start":{"line":25,"column":0},"end":{"line":25,"column":36}},"25":{"start":{"line":26,"column":0},"end":{"line":26,"column":27}},"26":{"start":{"line":27,"column":0},"end":{"line":27,"column":5}},"27":{"start":{"line":28,"column":0},"end":{"line":28,"column":1}},"29":{"start":{"line":30,"column":0},"end":{"line":30,"column":28}}},"s":{"1":0,"7":0,"8":0,"9":0,"10":0,"11":0,"13":0,"14":0,"15":0,"16":0,"17":0,"19":0,"20":0,"21":0,"22":0,"23":0,"24":0,"25":0,"26":0,"27":0,"29":0},"branchMap":{"0":{"type":"branch","line":1,"loc":{"start":{"line":1,"column":680},"end":{"line":30,"column":28}},"locations":[{"start":{"line":1,"column":680},"end":{"line":30,"column":28}}]}},"b":{"0":[1]},"fnMap":{"0":{"name":"(empty-report)","decl":{"start":{"line":1,"column":680},"end":{"line":30,"column":28}},"loc":{"start":{"line":1,"column":680},"end":{"line":30,"column":28}},"line":1}},"f":{"0":1}}
,"/home/lalisha/Desktop/Educabot/code-challenge-node/src/repositories/mocks/booksProvider.ts": {"path":"/home/lalisha/Desktop/Educabot/code-challenge-node/src/repositories/mocks/booksProvider.ts","all":true,"statementMap":{"3":{"start":{"line":4,"column":0},"end":{"line":4,"column":44}},"5":{"start":{"line":6,"column":0},"end":{"line":6,"column":49}},"6":{"start":{"line":7,"column":0},"end":{"line":7,"column":12}},"7":{"start":{"line":8,"column":0},"end":{"line":8,"column":105}},"8":{"start":{"line":9,"column":0},"end":{"line":9,"column":95}},"9":{"start":{"line":10,"column":0},"end":{"line":10,"column":104}},"10":{"start":{"line":11,"column":0},"end":{"line":11,"column":5}},"11":{"start":{"line":12,"column":0},"end":{"line":12,"column":3}},"13":{"start":{"line":14,"column":0},"end":{"line":14,"column":10}},"14":{"start":{"line":15,"column":0},"end":{"line":15,"column":13}},"15":{"start":{"line":16,"column":0},"end":{"line":16,"column":3}},"16":{"start":{"line":17,"column":0},"end":{"line":17,"column":1}},"18":{"start":{"line":19,"column":0},"end":{"line":19,"column":28}}},"s":{"3":0,"5":0,"6":0,"7":0,"8":0,"9":0,"10":0,"11":0,"13":0,"14":0,"15":0,"16":0,"18":0},"branchMap":{"0":{"type":"branch","line":1,"loc":{"start":{"line":1,"column":586},"end":{"line":19,"column":28}},"locations":[{"start":{"line":1,"column":586},"end":{"line":19,"column":28}}]}},"b":{"0":[1]},"fnMap":{"0":{"name":"(empty-report)","decl":{"start":{"line":1,"column":586},"end":{"line":19,"column":28}},"loc":{"start":{"line":1,"column":586},"end":{"line":19,"column":28}},"line":1}},"f":{"0":1}}
,"/home/lalisha/Desktop/Educabot/code-challenge-node/src/services/metrics.ts": {"path":"/home/lalisha/Desktop/Educabot/code-challenge-node/src/services/metrics.ts","all":false,"statementMap":{"3":{"start":{"line":4,"column":0},"end":{"line":4,"column":50}},"4":{"start":{"line":5,"column":0},"end":{"line":5,"column":34}},"5":{"start":{"line":6,"column":0},"end":{"line":6,"column":77}},"6":{"start":{"line":7,"column":0},"end":{"line":7,"column":38}},"7":{"start":{"line":8,"column":0},"end":{"line":8,"column":1}},"9":{"start":{"line":10,"column":0},"end":{"line":10,"column":54}},"10":{"start":{"line":11,"column":0},"end":{"line":11,"column":37}},"11":{"start":{"line":12,"column":0},"end":{"line":12,"column":43}},"12":{"start":{"line":13,"column":0},"end":{"line":13,"column":56}},"13":{"start":{"line":14,"column":0},"end":{"line":14,"column":14}},"14":{"start":{"line":15,"column":0},"end":{"line":15,"column":1}},"16":{"start":{"line":17,"column":0},"end":{"line":17,"column":74}},"17":{"start":{"line":18,"column":0},"end":{"line":18,"column":24}},"18":{"start":{"line":19,"column":0},"end":{"line":19,"column":81}},"19":{"start":{"line":20,"column":0},"end":{"line":20,"column":1}},"21":{"start":{"line":22,"column":0},"end":{"line":22,"column":74}},"23":{"start":{"line":24,"column":0},"end":{"line":24,"column":54}},"25":{"start":{"line":26,"column":0},"end":{"line":26,"column":37}},"26":{"start":{"line":27,"column":0},"end":{"line":27,"column":37}},"27":{"start":{"line":28,"column":0},"end":{"line":28,"column":3}},"29":{"start":{"line":30,"column":0},"end":{"line":30,"column":47}},"30":{"start":{"line":31,"column":0},"end":{"line":31,"column":45}},"31":{"start":{"line":32,"column":0},"end":{"line":32,"column":69}},"33":{"start":{"line":34,"column":0},"end":{"line":34,"column":10}},"34":{"start":{"line":35,"column":0},"end":{"line":35,"column":18}},"35":{"start":{"line":36,"column":0},"end":{"line":36,"column":17}},"36":{"start":{"line":37,"column":0},"end":{"line":37,"column":25}},"37":{"start":{"line":38,"column":0},"end":{"line":38,"column":3}},"38":{"start":{"line":39,"column":0},"end":{"line":39,"column":1}}},"s":{"3":4,"4":4,"5":3,"6":3,"7":3,"9":4,"10":4,"11":3,"12":9,"13":3,"14":3,"16":4,"17":4,"18":2,"19":2,"21":2,"23":2,"25":2,"26":0,"27":0,"29":2,"30":2,"31":2,"33":2,"34":2,"35":2,"36":2,"37":2,"38":2},"branchMap":{"0":{"type":"branch","line":4,"loc":{"start":{"line":4,"column":0},"end":{"line":8,"column":1}},"locations":[{"start":{"line":4,"column":0},"end":{"line":8,"column":1}}]},"1":{"type":"branch","line":5,"loc":{"start":{"line":5,"column":26},"end":{"line":5,"column":34}},"locations":[{"start":{"line":5,"column":26},"end":{"line":5,"column":34}}]},"2":{"type":"branch","line":5,"loc":{"start":{"line":5,"column":33},"end":{"line":8,"column":1}},"locations":[{"start":{"line":5,"column":33},"end":{"line":8,"column":1}}]},"3":{"type":"branch","line":6,"loc":{"start":{"line":6,"column":38},"end":{"line":6,"column":75}},"locations":[{"start":{"line":6,"column":38},"end":{"line":6,"column":75}}]},"4":{"type":"branch","line":10,"loc":{"start":{"line":10,"column":0},"end":{"line":15,"column":1}},"locations":[{"start":{"line":10,"column":0},"end":{"line":15,"column":1}}]},"5":{"type":"branch","line":11,"loc":{"start":{"line":11,"column":26},"end":{"line":11,"column":37}},"locations":[{"start":{"line":11,"column":26},"end":{"line":11,"column":37}}]},"6":{"type":"branch","line":11,"loc":{"start":{"line":11,"column":33},"end":{"line":15,"column":1}},"locations":[{"start":{"line":11,"column":33},"end":{"line":15,"column":1}}]},"7":{"type":"branch","line":12,"loc":{"start":{"line":12,"column":22},"end":{"line":14,"column":5}},"locations":[{"start":{"line":12,"column":22},"end":{"line":14,"column":5}}]},"8":{"type":"branch","line":13,"loc":{"start":{"line":13,"column":33},"end":{"line":13,"column":48}},"locations":[{"start":{"line":13,"column":33},"end":{"line":13,"column":48}}]},"9":{"type":"branch","line":13,"loc":{"start":{"line":13,"column":41},"end":{"line":13,"column":56}},"locations":[{"start":{"line":13,"column":41},"end":{"line":13,"column":56}}]},"10":{"type":"branch","line":17,"loc":{"start":{"line":17,"column":0},"end":{"line":20,"column":1}},"locations":[{"start":{"line":17,"column":0},"end":{"line":20,"column":1}}]},"11":{"type":"branch","line":18,"loc":{"start":{"line":18,"column":15},"end":{"line":20,"column":1}},"locations":[{"start":{"line":18,"column":15},"end":{"line":20,"column":1}}]},"12":{"type":"branch","line":19,"loc":{"start":{"line":19,"column":22},"end":{"line":19,"column":80}},"locations":[{"start":{"line":19,"column":22},"end":{"line":19,"column":80}}]},"13":{"type":"branch","line":22,"loc":{"start":{"line":22,"column":0},"end":{"line":39,"column":1}},"locations":[{"start":{"line":22,"column":0},"end":{"line":39,"column":1}}]},"14":{"type":"branch","line":26,"loc":{"start":{"line":26,"column":36},"end":{"line":28,"column":3}},"locations":[{"start":{"line":26,"column":36},"end":{"line":28,"column":3}}]}},"b":{"0":[4],"1":[1],"2":[3],"3":[9],"4":[4],"5":[1],"6":[3],"7":[9],"8":[3],"9":[6],"10":[4],"11":[2],"12":[6],"13":[2],"14":[0]},"fnMap":{"0":{"name":"getMeanUnitsSold","decl":{"start":{"line":4,"column":0},"end":{"line":8,"column":1}},"loc":{"start":{"line":4,"column":0},"end":{"line":8,"column":1}},"line":4},"1":{"name":"getCheapestBook","decl":{"start":{"line":10,"column":0},"end":{"line":15,"column":1}},"loc":{"start":{"line":10,"column":0},"end":{"line":15,"column":1}},"line":10},"2":{"name":"getBooksWrittenByAuthor","decl":{"start":{"line":17,"column":0},"end":{"line":20,"column":1}},"loc":{"start":{"line":17,"column":0},"end":{"line":20,"column":1}},"line":17},"3":{"name":"getMetrics","decl":{"start":{"line":22,"column":0},"end":{"line":39,"column":1}},"loc":{"start":{"line":22,"column":0},"end":{"line":39,"column":1}},"line":22}},"f":{"0":4,"1":4,"2":4,"3":2}}
}
